# JRE version: OpenJDK Runtime Environment (8.0_152-b01) (build 1.8.0_152-release-884-b01)
# Java VM: OpenJDK 64-Bit Server VM (25.152-b01 mixed mode linux-amd64 compressed oops)
Heap:
 PSYoungGen      total 240640K, used 104868K [0x00000000e0000000, 0x00000000f2480000, 0x0000000100000000)
  eden space 211968K, 39% used [0x00000000e0000000,0x00000000e52ad5a0,0x00000000ecf00000)
  from space 28672K, 70% used [0x00000000ecf00000,0x00000000ee2bbbc8,0x00000000eeb00000)
  to   space 29696K, 0% used [0x00000000f0780000,0x00000000f0780000,0x00000000f2480000)
 ParOldGen       total 94720K, used 33217K [0x00000000a0000000, 0x00000000a5c80000, 0x00000000e0000000)
  object space 94720K, 35% used [0x00000000a0000000,0x00000000a2070408,0x00000000a5c80000)
 Metaspace       used 50336K, capacity 51490K, committed 51760K, reserved 1095680K
  class space    used 5794K, capacity 6159K, committed 6192K, reserved 1048576K
GC Heap History (10 events):
Event: 1633.426 GC heap before
{Heap before GC invocations=34 (full 4):
 PSYoungGen      total 187904K, used 175824K [0x00000000e0000000, 0x00000000eef00000, 0x0000000100000000)
  eden space 159232K, 100% used [0x00000000e0000000,0x00000000e9b80000,0x00000000e9b80000)
  from space 28672K, 57% used [0x00000000e9b80000,0x00000000eabb4258,0x00000000eb780000)
  to   space 28672K, 0% used [0x00000000ed300000,0x00000000ed300000,0x00000000eef00000)
 ParOldGen       total 94720K, used 41954K [0x00000000a0000000, 0x00000000a5c80000, 0x00000000e0000000)
  object space 94720K, 44% used [0x00000000a0000000,0x00000000a28f8ac8,0x00000000a5c80000)
 Metaspace       used 49087K, capacity 50156K, committed 50608K, reserved 1093632K
  class space    used 5714K, capacity 6056K, committed 6064K, reserved 1048576K
Event: 1633.512 GC heap after
Heap after GC invocations=34 (full 4):
 PSYoungGen      total 206848K, used 14882K [0x00000000e0000000, 0x00000000ee900000, 0x0000000100000000)
  eden space 184320K, 0% used [0x00000000e0000000,0x00000000e0000000,0x00000000eb400000)
  from space 22528K, 66% used [0x00000000ed300000,0x00000000ee188910,0x00000000ee900000)
  to   space 27136K, 0% used [0x00000000eb400000,0x00000000eb400000,0x00000000ece80000)
 ParOldGen       total 94720K, used 56126K [0x00000000a0000000, 0x00000000a5c80000, 0x00000000e0000000)
  object space 94720K, 59% used [0x00000000a0000000,0x00000000a36cf9a0,0x00000000a5c80000)
 Metaspace       used 49087K, capacity 50156K, committed 50608K, reserved 1093632K
  class space    used 5714K, capacity 6056K, committed 6064K, reserved 1048576K
}
Event: 1637.290 GC heap before
{Heap before GC invocations=35 (full 4):
 PSYoungGen      total 206848K, used 199202K [0x00000000e0000000, 0x00000000ee900000, 0x0000000100000000)
  eden space 184320K, 100% used [0x00000000e0000000,0x00000000eb400000,0x00000000eb400000)
  from space 22528K, 66% used [0x00000000ed300000,0x00000000ee188910,0x00000000ee900000)
  to   space 27136K, 0% used [0x00000000eb400000,0x00000000eb400000,0x00000000ece80000)
 ParOldGen       total 94720K, used 56126K [0x00000000a0000000, 0x00000000a5c80000, 0x00000000e0000000)
  object space 94720K, 59% used [0x00000000a0000000,0x00000000a36cf9a0,0x00000000a5c80000)
 Metaspace       used 49294K, capacity 50348K, committed 50608K, reserved 1093632K
  class space    used 5729K, capacity 6056K, committed 6064K, reserved 1048576K
Event: 1637.450 GC heap after
Heap after GC invocations=35 (full 4):
 PSYoungGen      total 211456K, used 19082K [0x00000000e0000000, 0x00000000f0680000, 0x0000000100000000)
  eden space 184320K, 0% used [0x00000000e0000000,0x00000000e0000000,0x00000000eb400000)
  from space 27136K, 70% used [0x00000000eb400000,0x00000000ec6a2968,0x00000000ece80000)
  to   space 28160K, 0% used [0x00000000eeb00000,0x00000000eeb00000,0x00000000f0680000)
 ParOldGen       total 94720K, used 67939K [0x00000000a0000000, 0x00000000a5c80000, 0x00000000e0000000)
  object space 94720K, 71% used [0x00000000a0000000,0x00000000a4258db8,0x00000000a5c80000)
 Metaspace       used 49294K, capacity 50348K, committed 50608K, reserved 1093632K
  class space    used 5729K, capacity 6056K, committed 6064K, reserved 1048576K
}
Event: 4397.763 GC heap before
{Heap before GC invocations=36 (full 4):
 PSYoungGen      total 211456K, used 78308K [0x00000000e0000000, 0x00000000f0680000, 0x0000000100000000)
  eden space 184320K, 32% used [0x00000000e0000000,0x00000000e39d6750,0x00000000eb400000)
  from space 27136K, 70% used [0x00000000eb400000,0x00000000ec6a2968,0x00000000ece80000)
  to   space 28160K, 0% used [0x00000000eeb00000,0x00000000eeb00000,0x00000000f0680000)
 ParOldGen       total 94720K, used 67939K [0x00000000a0000000, 0x00000000a5c80000, 0x00000000e0000000)
  object space 94720K, 71% used [0x00000000a0000000,0x00000000a4258db8,0x00000000a5c80000)
 Metaspace       used 49646K, capacity 50730K, committed 51248K, reserved 1093632K
  class space    used 5749K, capacity 6095K, committed 6192K, reserved 1048576K
Event: 4397.818 GC heap after
Heap after GC invocations=36 (full 4):
 PSYoungGen      total 240128K, used 2457K [0x00000000e0000000, 0x00000000f0780000, 0x0000000100000000)
  eden space 211968K, 0% used [0x00000000e0000000,0x00000000e0000000,0x00000000ecf00000)
  from space 28160K, 8% used [0x00000000eeb00000,0x00000000eed66728,0x00000000f0680000)
  to   space 28672K, 0% used [0x00000000ecf00000,0x00000000ecf00000,0x00000000eeb00000)
 ParOldGen       total 94720K, used 84172K [0x00000000a0000000, 0x00000000a5c80000, 0x00000000e0000000)
  object space 94720K, 88% used [0x00000000a0000000,0x00000000a52333c8,0x00000000a5c80000)
 Metaspace       used 49646K, capacity 50730K, committed 51248K, reserved 1093632K
  class space    used 5749K, capacity 6095K, committed 6192K, reserved 1048576K
}
Event: 4397.818 GC heap before
{Heap before GC invocations=37 (full 5):
 PSYoungGen      total 240128K, used 2457K [0x00000000e0000000, 0x00000000f0780000, 0x0000000100000000)
  eden space 211968K, 0% used [0x00000000e0000000,0x00000000e0000000,0x00000000ecf00000)
  from space 28160K, 8% used [0x00000000eeb00000,0x00000000eed66728,0x00000000f0680000)
  to   space 28672K, 0% used [0x00000000ecf00000,0x00000000ecf00000,0x00000000eeb00000)
 ParOldGen       total 94720K, used 84172K [0x00000000a0000000, 0x00000000a5c80000, 0x00000000e0000000)
  object space 94720K, 88% used [0x00000000a0000000,0x00000000a52333c8,0x00000000a5c80000)
 Metaspace       used 49646K, capacity 50730K, committed 51248K, reserved 1093632K
  class space    used 5749K, capacity 6095K, committed 6192K, reserved 1048576K
Event: 4398.121 GC heap after
Heap after GC invocations=37 (full 5):
 PSYoungGen      total 240128K, used 0K [0x00000000e0000000, 0x00000000f0780000, 0x0000000100000000)
  eden space 211968K, 0% used [0x00000000e0000000,0x00000000e0000000,0x00000000ecf00000)
  from space 28160K, 0% used [0x00000000eeb00000,0x00000000eeb00000,0x00000000f0680000)
  to   space 28672K, 0% used [0x00000000ecf00000,0x00000000ecf00000,0x00000000eeb00000)
 ParOldGen       total 94720K, used 33209K [0x00000000a0000000, 0x00000000a5c80000, 0x00000000e0000000)
  object space 94720K, 35% used [0x00000000a0000000,0x00000000a206e408,0x00000000a5c80000)
 Metaspace       used 49510K, capacity 50510K, committed 51248K, reserved 1093632K
  class space    used 5726K, capacity 6053K, committed 6192K, reserved 1048576K
}
Event: 5364.638 GC heap before
{Heap before GC invocations=38 (full 5):
 PSYoungGen      total 240128K, used 211548K [0x00000000e0000000, 0x00000000f0780000, 0x0000000100000000)
  eden space 211968K, 99% used [0x00000000e0000000,0x00000000ece97048,0x00000000ecf00000)
  from space 28160K, 0% used [0x00000000eeb00000,0x00000000eeb00000,0x00000000f0680000)
  to   space 28672K, 0% used [0x00000000ecf00000,0x00000000ecf00000,0x00000000eeb00000)
 ParOldGen       total 94720K, used 33209K [0x00000000a0000000, 0x00000000a5c80000, 0x00000000e0000000)
  object space 94720K, 35% used [0x00000000a0000000,0x00000000a206e408,0x00000000a5c80000)
 Metaspace       used 50080K, capacity 51266K, committed 51760K, reserved 1095680K
  class space    used 5777K, capacity 6127K, committed 6192K, reserved 1048576K
Event: 5364.847 GC heap after
Heap after GC invocations=38 (full 5):
 PSYoungGen      total 240640K, used 20206K [0x00000000e0000000, 0x00000000f2480000, 0x0000000100000000)
  eden space 211968K, 0% used [0x00000000e0000000,0x00000000e0000000,0x00000000ecf00000)
  from space 28672K, 70% used [0x00000000ecf00000,0x00000000ee2bbbc8,0x00000000eeb00000)
  to   space 29696K, 0% used [0x00000000f0780000,0x00000000f0780000,0x00000000f2480000)
 ParOldGen       total 94720K, used 33217K [0x00000000a0000000, 0x00000000a5c80000, 0x00000000e0000000)
  object space 94720K, 35% used [0x00000000a0000000,0x00000000a2070408,0x00000000a5c80000)
 Metaspace       used 50080K, capacity 51266K, committed 51760K, reserved 1095680K
  class space    used 5777K, capacity 6127K, committed 6192K, reserved 1048576K
}

